<?xml version="1.0" encoding="UTF-8"?>
<!-- Generated by org.testng.reporters.JUnitReportReporter -->
<testsuite hostname="Divyas-MacBook-Pro.local" name="BrowserRelatedFunction.Base" tests="1" failures="0" timestamp="23 Sep 2022 02:42:06 GMT" time="18.278" errors="0">
  <testcase name="lanch" time="18.278" classname="BrowserRelatedFunction.Base"/>
</testsuite> <!-- BrowserRelatedFunction.Base -->
