<?xml version="1.0" encoding="UTF-8"?>
<!-- Generated by org.testng.reporters.JUnitReportReporter -->
<testsuite hostname="Divyas-MBP" name="contact" tests="7" failures="0" timestamp="24 Sep 2022 13:43:33 GMT" time="130.794" errors="0">
  <testcase name="contact_submit" time="25.025" classname="contact"/>
  <testcase name="contact_submit" time="24.727" classname="contact"/>
  <testcase name="contact_submit" time="12.236" classname="contact"/>
  <testcase name="ErrorMessageVerification" time="13.956" classname="contact"/>
  <testcase name="contact_submit" time="11.756" classname="contact"/>
  <testcase name="Shopping" time="21.220" classname="contact"/>
  <testcase name="contact_submit" time="21.874" classname="contact"/>
</testsuite> <!-- contact -->
